TN:
SF:app.ts
FN:21,(anonymous_8)
FN:49,(anonymous_9)
FN:49,(anonymous_10)
FN:57,(anonymous_11)
FNF:4
FNH:0
FNDA:0,(anonymous_8)
FNDA:0,(anonymous_9)
FNDA:0,(anonymous_10)
FNDA:0,(anonymous_11)
DA:1,0
DA:2,0
DA:3,0
DA:4,0
DA:5,0
DA:6,0
DA:7,0
DA:8,0
DA:9,0
DA:10,0
DA:12,0
DA:13,0
DA:14,0
DA:15,0
DA:17,0
DA:18,0
DA:19,0
DA:20,0
DA:21,0
DA:22,0
DA:23,0
DA:48,0
DA:49,0
DA:50,0
DA:51,0
DA:52,0
DA:54,0
DA:55,0
DA:57,0
DA:58,0
LF:30
LH:0
BRF:0
BRH:0
end_of_record
TN:
SF:employee_router.ts
FN:10,(anonymous_8)
FN:10,(anonymous_9)
FN:16,(anonymous_10)
FN:16,(anonymous_11)
FN:28,(anonymous_12)
FN:28,(anonymous_13)
FN:39,(anonymous_14)
FN:39,(anonymous_15)
FN:50,(anonymous_16)
FN:50,(anonymous_17)
FNF:10
FNH:0
FNDA:0,(anonymous_8)
FNDA:0,(anonymous_9)
FNDA:0,(anonymous_10)
FNDA:0,(anonymous_11)
FNDA:0,(anonymous_12)
FNDA:0,(anonymous_13)
FNDA:0,(anonymous_14)
FNDA:0,(anonymous_15)
FNDA:0,(anonymous_16)
FNDA:0,(anonymous_17)
DA:1,0
DA:2,0
DA:4,0
DA:6,0
DA:7,0
DA:10,0
DA:12,0
DA:13,0
DA:16,0
DA:17,0
DA:18,0
DA:21,0
DA:24,0
DA:28,0
DA:29,0
DA:30,0
DA:31,0
DA:32,0
DA:33,0
DA:34,0
DA:35,0
DA:36,0
DA:39,0
DA:40,0
DA:42,0
DA:45,0
DA:47,0
DA:50,0
DA:51,0
DA:54,0
DA:56,0
DA:59,0
LF:32
LH:0
BRF:0
BRH:0
end_of_record
TN:
SF:loggerMiddleware.ts
FN:1,(anonymous_0)
FN:2,(anonymous_1)
FNF:2
FNH:0
FNDA:0,(anonymous_0)
FNDA:0,(anonymous_1)
DA:1,0
DA:2,0
DA:3,0
DA:8,0
DA:11,0
LF:5
LH:0
BRF:0
BRH:0
end_of_record
TN:
SF:processTimeMiddleware.ts
FN:1,(anonymous_0)
FN:4,(anonymous_1)
FNF:2
FNH:0
FNDA:0,(anonymous_0)
FNDA:0,(anonymous_1)
DA:1,0
DA:2,0
DA:3,0
DA:4,0
DA:5,0
DA:6,0
DA:7,0
DA:9,0
DA:12,0
LF:9
LH:0
BRF:0
BRH:0
end_of_record
TN:
SF:controllers/auth.controllers.ts
FN:6,(anonymous_8)
FN:9,(anonymous_9)
FNF:2
FNH:0
FNDA:0,(anonymous_8)
FNDA:0,(anonymous_9)
DA:1,0
DA:5,0
DA:6,0
DA:7,0
DA:10,0
DA:11,0
DA:12,0
DA:14,0
DA:15,0
DA:18,0
LF:10
LH:0
BRDA:11,0,0,0
BRDA:11,1,0,0
BRDA:11,1,1,0
BRF:3
BRH:0
end_of_record
TN:
SF:controllers/dept.controllers.ts
FN:5,(anonymous_7)
FN:11,(anonymous_8)
FN:16,(anonymous_10)
FN:23,(anonymous_12)
FN:27,(anonymous_14)
FNF:5
FNH:0
FNDA:0,(anonymous_7)
FNDA:0,(anonymous_8)
FNDA:0,(anonymous_10)
FNDA:0,(anonymous_12)
FNDA:0,(anonymous_14)
DA:4,0
DA:5,0
DA:6,0
DA:7,0
DA:8,0
DA:9,0
DA:12,0
DA:13,0
DA:14,0
DA:17,0
DA:18,0
DA:19,0
DA:20,0
DA:24,0
DA:25,0
DA:28,0
DA:29,0
DA:30,0
DA:31,0
LF:19
LH:0
BRF:0
BRH:0
end_of_record
TN:
SF:controllers/employee.controllers.ts
FN:17,(anonymous_8)
FN:25,(anonymous_9)
FN:68,(anonymous_11)
FN:78,(anonymous_13)
FN:90,(anonymous_15)
FN:118,(anonymous_17)
FNF:6
FNH:0
FNDA:0,(anonymous_8)
FNDA:0,(anonymous_9)
FNDA:0,(anonymous_11)
FNDA:0,(anonymous_13)
FNDA:0,(anonymous_15)
FNDA:0,(anonymous_17)
DA:1,0
DA:4,0
DA:5,0
DA:6,0
DA:8,0
DA:9,0
DA:10,0
DA:11,0
DA:16,0
DA:17,0
DA:19,0
DA:20,0
DA:21,0
DA:22,0
DA:23,0
DA:26,0
DA:27,0
DA:28,0
DA:29,0
DA:30,0
DA:31,0
DA:33,0
DA:34,0
DA:35,0
DA:50,0
DA:52,0
DA:70,0
DA:71,0
DA:72,0
DA:74,0
DA:75,0
DA:79,0
DA:80,0
DA:81,0
DA:82,0
DA:84,0
DA:86,0
DA:87,0
DA:91,0
DA:92,0
DA:93,0
DA:94,0
DA:95,0
DA:96,0
DA:97,0
DA:99,0
DA:108,0
DA:110,0
DA:119,0
DA:120,0
DA:121,0
DA:122,0
DA:125,0
DA:130,0
LF:54
LH:0
BRDA:29,0,0,0
BRDA:71,1,0,0
BRDA:81,2,0,0
BRDA:95,3,0,0
BRF:4
BRH:0
end_of_record
TN:
SF:db/data-source.ts
FNF:0
FNH:0
DA:1,0
DA:2,0
DA:3,0
DA:6,0
DA:22,0
LF:5
LH:0
BRF:0
BRH:0
end_of_record
TN:
SF:db/migrations/1747821672967-add-one-to-one-relation-between-emp-address.ts
FN:3,(anonymous_7)
FN:6,(anonymous_8)
FN:15,(anonymous_10)
FNF:3
FNH:0
FNDA:0,(anonymous_7)
FNDA:0,(anonymous_8)
FNDA:0,(anonymous_10)
DA:3,0
DA:4,0
DA:7,0
DA:8,0
DA:9,0
DA:10,0
DA:11,0
DA:12,0
DA:16,0
DA:17,0
DA:18,0
DA:19,0
DA:20,0
DA:21,0
LF:14
LH:0
BRF:0
BRH:0
end_of_record
TN:
SF:db/migrations/1747822183010-add-one-to-one-relation-between-emp-address.ts
FN:3,(anonymous_7)
FN:6,(anonymous_8)
FN:11,(anonymous_10)
FNF:3
FNH:0
FNDA:0,(anonymous_7)
FNDA:0,(anonymous_8)
FNDA:0,(anonymous_10)
DA:3,0
DA:4,0
DA:7,0
DA:8,0
DA:12,0
DA:13,0
LF:6
LH:0
BRF:0
BRH:0
end_of_record
TN:
SF:db/migrations/1747887769727-add-password-filed.ts
FN:3,(anonymous_7)
FN:6,(anonymous_8)
FN:13,(anonymous_10)
FNF:3
FNH:0
FNDA:0,(anonymous_7)
FNDA:0,(anonymous_8)
FNDA:0,(anonymous_10)
DA:3,0
DA:4,0
DA:8,0
DA:9,0
DA:10,0
DA:14,0
LF:6
LH:0
BRF:0
BRH:0
end_of_record
TN:
SF:db/migrations/1747902860981-add-role.ts
FN:3,(anonymous_7)
FN:6,(anonymous_8)
FN:11,(anonymous_10)
FNF:3
FNH:0
FNDA:0,(anonymous_7)
FNDA:0,(anonymous_8)
FNDA:0,(anonymous_10)
DA:3,0
DA:4,0
DA:7,0
DA:8,0
DA:12,0
DA:13,0
LF:6
LH:0
BRF:0
BRH:0
end_of_record
TN:
SF:db/migrations/1747974210920-add-dept.ts
FN:3,(anonymous_7)
FN:6,(anonymous_8)
FN:16,(anonymous_10)
FNF:3
FNH:0
FNDA:0,(anonymous_7)
FNDA:0,(anonymous_8)
FNDA:0,(anonymous_10)
DA:3,0
DA:4,0
DA:7,0
DA:8,0
DA:9,0
DA:10,0
DA:11,0
DA:12,0
DA:13,0
DA:17,0
DA:18,0
DA:19,0
DA:20,0
DA:21,0
DA:22,0
DA:23,0
LF:16
LH:0
BRF:0
BRH:0
end_of_record
TN:
SF:db/migrations/1747974258212-add-constraint-dept-emp.ts
FN:3,(anonymous_7)
FN:6,(anonymous_8)
FN:11,(anonymous_10)
FNF:3
FNH:0
FNDA:0,(anonymous_7)
FNDA:0,(anonymous_8)
FNDA:0,(anonymous_10)
DA:3,0
DA:4,0
DA:7,0
DA:8,0
DA:12,0
DA:13,0
LF:6
LH:0
BRF:0
BRH:0
end_of_record
TN:
SF:db/migrations/1747983132476-set-null-emp.ts
FN:3,(anonymous_7)
FN:6,(anonymous_8)
FN:11,(anonymous_10)
FNF:3
FNH:0
FNDA:0,(anonymous_7)
FNDA:0,(anonymous_8)
FNDA:0,(anonymous_10)
DA:3,0
DA:4,0
DA:7,0
DA:8,0
DA:12,0
DA:13,0
LF:6
LH:0
BRF:0
BRH:0
end_of_record
TN:
SF:db/migrations/1747989915181-new-fields-added.ts
FN:3,(anonymous_7)
FN:6,(anonymous_8)
FN:22,(anonymous_10)
FNF:3
FNH:0
FNDA:0,(anonymous_7)
FNDA:0,(anonymous_8)
FNDA:0,(anonymous_10)
DA:3,0
DA:4,0
DA:7,0
DA:8,0
DA:9,0
DA:11,0
DA:12,0
DA:13,0
DA:15,0
DA:16,0
DA:17,0
DA:18,0
DA:19,0
DA:23,0
DA:24,0
DA:25,0
DA:26,0
DA:27,0
LF:18
LH:0
BRF:0
BRH:0
end_of_record
TN:
SF:db/migrations/1747992649972-address.ts
FN:3,(anonymous_7)
FN:6,(anonymous_8)
FN:16,(anonymous_10)
FNF:3
FNH:0
FNDA:0,(anonymous_7)
FNDA:0,(anonymous_8)
FNDA:0,(anonymous_10)
DA:3,0
DA:4,0
DA:7,0
DA:8,0
DA:9,0
DA:10,0
DA:12,0
DA:13,0
DA:17,0
DA:18,0
LF:10
LH:0
BRF:0
BRH:0
end_of_record
TN:
SF:db/migrations/1747997852011-dept-unique.ts
FN:3,(anonymous_7)
FN:6,(anonymous_8)
FN:10,(anonymous_10)
FNF:3
FNH:0
FNDA:0,(anonymous_7)
FNDA:0,(anonymous_8)
FNDA:0,(anonymous_10)
DA:3,0
DA:4,0
DA:7,0
DA:11,0
LF:4
LH:0
BRF:0
BRH:0
end_of_record
TN:
SF:dto/address.dto.ts
FNF:0
FNH:0
DA:1,0
DA:5,0
DA:8,0
DA:12,0
DA:16,0
DA:19,0
LF:6
LH:0
BRF:0
BRH:0
end_of_record
TN:
SF:dto/employee.dto.ts
FN:49,(anonymous_2)
FNF:1
FNH:0
FNDA:0,(anonymous_2)
DA:1,0
DA:2,0
DA:4,0
DA:5,0
DA:7,0
DA:11,0
DA:15,0
DA:19,0
DA:22,0
DA:26,0
DA:30,0
DA:34,0
DA:38,0
DA:43,0
DA:46,0
DA:49,0
DA:50,0
LF:17
LH:0
BRF:0
BRH:0
end_of_record
TN:
SF:dto/jwt.payload.ts
FNF:0
FNH:0
DA:3,0
LF:1
LH:0
BRF:0
BRH:0
end_of_record
TN:
SF:dto/update.dto.ts
FN:20,(anonymous_2)
FNF:1
FNH:0
FNDA:0,(anonymous_2)
DA:1,0
DA:2,0
DA:4,0
DA:6,0
DA:9,0
DA:13,0
DA:17,0
DA:20,0
DA:21,0
LF:9
LH:0
BRF:0
BRH:0
end_of_record
TN:
SF:entities/abstract.entity.ts
FNF:0
FNH:0
DA:2,1
DA:5,1
DA:8,1
DA:11,1
DA:14,1
DA:16,1
LF:6
LH:6
BRF:0
BRH:0
end_of_record
TN:
SF:entities/address.entitiy.ts
FN:18,(anonymous_3)
FN:18,(anonymous_4)
FNF:2
FNH:0
FNDA:0,(anonymous_3)
FNDA:0,(anonymous_4)
DA:1,1
DA:2,1
DA:3,1
DA:5,1
DA:11,1
DA:13,1
DA:15,1
DA:17,1
DA:18,0
DA:22,1
DA:26,1
LF:11
LH:10
BRF:0
BRH:0
end_of_record
TN:
SF:entities/department.entity.ts
FN:12,(anonymous_3)
FN:12,(anonymous_4)
FNF:2
FNH:0
FNDA:0,(anonymous_3)
FNDA:0,(anonymous_4)
DA:1,1
DA:2,1
DA:3,1
DA:5,1
DA:9,1
DA:12,0
DA:15,1
DA:19,1
LF:8
LH:7
BRF:0
BRH:0
end_of_record
TN:
SF:entities/employee.entity.ts
FN:6,(anonymous_3)
FN:12,(anonymous_4)
FN:39,(anonymous_5)
FN:39,(anonymous_6)
FN:54,(anonymous_7)
FN:54,(anonymous_8)
FNF:6
FNH:2
FNDA:1,(anonymous_3)
FNDA:1,(anonymous_4)
FNDA:0,(anonymous_5)
FNDA:0,(anonymous_6)
FNDA:0,(anonymous_7)
FNDA:0,(anonymous_8)
DA:2,1
DA:3,1
DA:4,1
DA:5,1
DA:6,1
DA:7,1
DA:8,1
DA:9,1
DA:10,1
DA:12,1
DA:13,1
DA:14,1
DA:15,1
DA:19,1
DA:21,1
DA:23,1
DA:25,1
DA:31,1
DA:33,1
DA:35,1
DA:38,1
DA:39,0
DA:42,1
DA:45,1
DA:52,1
DA:54,0
DA:59,1
DA:64,1
LF:28
LH:26
BRDA:6,0,0,1
BRDA:6,0,1,1
BRDA:12,1,0,1
BRDA:12,1,1,1
BRF:4
BRH:4
end_of_record
TN:
SF:exception/httpException.ts
FN:4,(anonymous_0)
FNF:1
FNH:0
FNDA:0,(anonymous_0)
DA:5,0
DA:6,0
DA:7,0
DA:10,1
LF:4
LH:1
BRF:0
BRH:0
end_of_record
TN:
SF:middlewares/auth.middleware.ts
FN:7,(anonymous_1)
FN:18,(anonymous_2)
FNF:2
FNH:0
FNDA:0,(anonymous_1)
FNDA:0,(anonymous_2)
DA:3,0
DA:4,0
DA:5,0
DA:7,0
DA:8,0
DA:9,0
DA:10,0
DA:11,0
DA:12,0
DA:13,0
DA:15,0
DA:18,0
DA:19,0
DA:20,0
DA:21,0
DA:23,0
DA:24,0
DA:25,0
DA:28,0
DA:31,0
LF:20
LH:0
BRDA:9,0,0,0
BRDA:12,1,0,0
BRDA:20,2,0,0
BRF:3
BRH:0
end_of_record
TN:
SF:middlewares/authorization.middleware.ts
FN:12,checkRole
FN:15,(anonymous_2)
FNF:2
FNH:0
FNDA:0,checkRole
FNDA:0,(anonymous_2)
DA:3,0
DA:12,0
DA:15,0
DA:16,0
DA:18,0
DA:19,0
DA:21,0
LF:7
LH:0
BRDA:16,0,0,0
BRDA:16,0,1,0
BRDA:16,1,0,0
BRDA:16,1,1,0
BRDA:18,2,0,0
BRF:5
BRH:0
end_of_record
TN:
SF:middlewares/error.middleware.ts
FN:3,(anonymous_1)
FNF:1
FNH:0
FNDA:0,(anonymous_1)
DA:2,0
DA:3,0
DA:4,0
DA:5,0
DA:6,0
DA:7,0
DA:8,0
DA:9,0
DA:11,0
DA:12,0
DA:17,0
LF:11
LH:0
BRDA:5,0,0,0
BRDA:5,0,1,0
BRDA:6,1,0,0
BRDA:6,1,1,0
BRDA:7,2,0,0
BRDA:7,2,1,0
BRF:6
BRH:0
end_of_record
TN:
SF:repositories/department.repository.ts
FN:4,(anonymous_7)
FN:7,(anonymous_8)
FN:10,(anonymous_10)
FN:13,(anonymous_12)
FN:21,(anonymous_14)
FN:24,(anonymous_16)
FN:31,(anonymous_18)
FNF:7
FNH:0
FNDA:0,(anonymous_7)
FNDA:0,(anonymous_8)
FNDA:0,(anonymous_10)
FNDA:0,(anonymous_12)
FNDA:0,(anonymous_14)
FNDA:0,(anonymous_16)
FNDA:0,(anonymous_18)
DA:3,0
DA:4,0
DA:8,0
DA:11,0
DA:14,0
DA:22,0
DA:25,0
DA:34,0
LF:8
LH:0
BRF:0
BRH:0
end_of_record
TN:
SF:repositories/employee.repository.ts
FN:5,(anonymous_7)
FN:8,(anonymous_8)
FN:11,(anonymous_10)
FN:19,(anonymous_12)
FN:22,(anonymous_14)
FN:31,(anonymous_16)
FN:34,(anonymous_18)
FN:37,(anonymous_20)
FNF:8
FNH:0
FNDA:0,(anonymous_7)
FNDA:0,(anonymous_8)
FNDA:0,(anonymous_10)
FNDA:0,(anonymous_12)
FNDA:0,(anonymous_14)
FNDA:0,(anonymous_16)
FNDA:0,(anonymous_18)
FNDA:0,(anonymous_20)
DA:5,0
DA:9,0
DA:12,0
DA:20,0
DA:23,0
DA:32,0
DA:35,0
DA:38,0
DA:39,0
DA:40,0
DA:44,0
LF:11
LH:0
BRF:0
BRH:0
end_of_record
TN:
SF:routes/auth.route.ts
FNF:0
FNH:0
DA:1,0
DA:2,0
DA:3,0
DA:4,0
DA:5,0
DA:9,0
DA:10,0
DA:11,0
LF:8
LH:0
BRF:0
BRH:0
end_of_record
TN:
SF:routes/department.route.ts
FNF:0
FNH:0
DA:1,0
DA:2,0
DA:3,0
DA:4,0
DA:7,0
DA:8,0
DA:9,0
DA:10,0
DA:11,0
DA:13,0
DA:14,0
DA:16,0
DA:17,0
DA:18,0
DA:19,0
LF:15
LH:0
BRF:0
BRH:0
end_of_record
TN:
SF:routes/employee.route.ts
FNF:0
FNH:0
DA:1,0
DA:2,0
DA:3,0
DA:4,0
DA:5,0
DA:6,0
DA:7,0
DA:9,0
DA:10,0
DA:13,0
DA:14,0
DA:15,0
DA:16,0
LF:13
LH:0
BRF:0
BRH:0
end_of_record
TN:
SF:services/airbag.service.ts
FN:38,(anonymous_0)
FN:47,(anonymous_1)
FN:60,(anonymous_2)
FN:68,(anonymous_3)
FNF:4
FNH:4
FNDA:2,(anonymous_0)
FNDA:2,(anonymous_1)
FNDA:1,(anonymous_2)
FNDA:1,(anonymous_3)
DA:37,1
DA:39,2
DA:40,2
DA:48,2
DA:49,1
DA:50,1
DA:51,1
DA:52,1
DA:54,1
DA:62,1
DA:70,1
LF:11
LH:11
BRDA:48,0,0,1
BRF:1
BRH:1
end_of_record
TN:
SF:services/auth.service.ts
FN:9,(anonymous_8)
FN:13,(anonymous_9)
FNF:2
FNH:0
FNDA:0,(anonymous_8)
FNDA:0,(anonymous_9)
DA:2,0
DA:3,0
DA:5,0
DA:6,0
DA:7,0
DA:8,0
DA:9,0
DA:12,0
DA:14,0
DA:15,0
DA:16,0
DA:17,0
DA:19,0
DA:20,0
DA:21,0
DA:23,0
DA:28,0
DA:29,0
DA:30,0
LF:19
LH:0
BRDA:16,0,0,0
BRDA:20,1,0,0
BRF:2
BRH:0
end_of_record
TN:
SF:services/department.service.ts
FN:8,(anonymous_8)
FN:9,(anonymous_9)
FN:14,(anonymous_11)
FN:21,(anonymous_13)
FN:24,(anonymous_15)
FNF:5
FNH:0
FNDA:0,(anonymous_8)
FNDA:0,(anonymous_9)
FNDA:0,(anonymous_11)
FNDA:0,(anonymous_13)
FNDA:0,(anonymous_15)
DA:1,0
DA:4,0
DA:6,0
DA:7,0
DA:8,0
DA:10,0
DA:11,0
DA:12,0
DA:15,0
DA:16,0
DA:18,0
DA:19,0
DA:22,0
DA:25,0
DA:27,0
DA:29,0
LF:16
LH:0
BRDA:27,0,0,0
BRF:1
BRH:0
end_of_record
TN:
SF:services/employee.services.ts
FN:11,(anonymous_8)
FN:12,(anonymous_9)
FN:36,(anonymous_11)
FN:40,(anonymous_13)
FN:51,(anonymous_15)
FN:54,(anonymous_17)
FN:69,(anonymous_19)
FNF:7
FNH:2
FNDA:2,(anonymous_8)
FNDA:0,(anonymous_9)
FNDA:0,(anonymous_11)
FNDA:2,(anonymous_13)
FNDA:0,(anonymous_15)
FNDA:0,(anonymous_17)
FNDA:0,(anonymous_19)
DA:1,1
DA:2,1
DA:5,1
DA:6,1
DA:10,2
DA:11,2
DA:13,0
DA:14,0
DA:15,0
DA:16,0
DA:17,0
DA:19,0
DA:20,0
DA:21,0
DA:22,0
DA:23,0
DA:24,0
DA:25,0
DA:26,0
DA:27,0
DA:28,0
DA:30,0
DA:31,0
DA:32,0
DA:33,0
DA:37,0
DA:38,0
DA:41,2
DA:42,2
DA:44,1
DA:46,1
DA:52,0
DA:55,0
DA:56,0
DA:57,0
DA:58,0
DA:59,0
DA:60,0
DA:61,0
DA:62,0
DA:63,0
DA:64,0
DA:65,0
DA:66,0
DA:70,0
DA:71,0
DA:72,0
DA:75,0
DA:86,1
LF:49
LH:11
BRDA:42,0,0,1
BRDA:56,1,0,0
BRDA:71,2,0,0
BRDA:71,2,1,0
BRF:4
BRH:1
end_of_record
TN:
SF:services/logger.service.ts
FN:8,(anonymous_0)
FN:18,(anonymous_1)
FN:23,(anonymous_2)
FN:25,(anonymous_3)
FN:42,(anonymous_4)
FN:61,(anonymous_5)
FN:65,(anonymous_6)
FN:69,(anonymous_7)
FN:73,(anonymous_8)
FNF:9
FNH:3
FNDA:2,(anonymous_0)
FNDA:2,(anonymous_1)
FNDA:2,(anonymous_2)
FNDA:0,(anonymous_3)
FNDA:0,(anonymous_4)
FNDA:0,(anonymous_5)
FNDA:0,(anonymous_6)
FNDA:0,(anonymous_7)
FNDA:0,(anonymous_8)
DA:1,1
DA:3,1
DA:9,2
DA:10,2
DA:19,2
DA:20,2
DA:24,2
DA:25,0
DA:27,2
DA:36,2
DA:43,0
DA:45,0
DA:48,0
DA:62,0
DA:66,0
DA:70,0
DA:74,0
LF:17
LH:9
BRDA:45,0,0,0
BRDA:45,0,1,0
BRDA:45,1,0,0
BRDA:45,1,1,0
BRF:4
BRH:0
end_of_record
TN:
SF:utils/constants.ts
FNF:0
FNH:0
DA:1,0
DA:2,0
LF:2
LH:0
BRF:0
BRH:0
end_of_record
